{"level":"\u001b[32minfo\u001b[39m","message":"{\"method\":\"POST\",\"url\":\"/login\",\"status\":\"200\",\"responseTime\":\"400.671\"}","timestamp":"2024-10-09T03:12:17.033Z"}
{"level":"\u001b[32minfo\u001b[39m","message":"{\"method\":\"GET\",\"url\":\"/userprofile\",\"status\":\"200\",\"responseTime\":\"252.395\"}","timestamp":"2024-10-09T03:12:20.109Z"}
{"level":"\u001b[32minfo\u001b[39m","message":"{\"method\":\"POST\",\"url\":\"/update\",\"status\":\"200\",\"responseTime\":\"211.245\"}","timestamp":"2024-10-09T03:12:23.306Z"}
{"level":"\u001b[32minfo\u001b[39m","message":"{\"method\":\"POST\",\"url\":\"/update\",\"status\":\"200\",\"responseTime\":\"187.668\"}","timestamp":"2024-10-09T03:12:26.816Z"}
{"level":"\u001b[32minfo\u001b[39m","message":"{\"method\":\"GET\",\"url\":\"/userprofile\",\"status\":\"200\",\"responseTime\":\"54.242\"}","timestamp":"2024-10-09T03:12:58.221Z"}
{"level":"\u001b[32minfo\u001b[39m","message":"{\"method\":\"POST\",\"url\":\"/update\",\"status\":\"200\",\"responseTime\":\"189.414\"}","timestamp":"2024-10-09T03:13:07.236Z"}
{"level":"\u001b[32minfo\u001b[39m","message":"{\"method\":\"GET\",\"url\":\"/userprofile\",\"status\":\"304\",\"responseTime\":\"76.325\"}","timestamp":"2024-10-09T03:13:26.562Z"}
{"level":"\u001b[32minfo\u001b[39m","message":"{\"method\":\"GET\",\"url\":\"/userprofile\",\"status\":\"304\",\"responseTime\":\"52.550\"}","timestamp":"2024-10-09T03:14:09.546Z"}
{"level":"\u001b[32minfo\u001b[39m","message":"{\"method\":\"GET\",\"url\":\"/userprofile\",\"status\":\"304\",\"responseTime\":\"51.001\"}","timestamp":"2024-10-09T03:14:29.385Z"}
{"level":"\u001b[32minfo\u001b[39m","message":"{\"method\":\"POST\",\"url\":\"/update\",\"status\":\"200\",\"responseTime\":\"50.063\"}","timestamp":"2024-10-09T03:14:44.510Z"}
{"level":"\u001b[32minfo\u001b[39m","message":"{\"method\":\"POST\",\"url\":\"/login\",\"status\":\"200\",\"responseTime\":\"881.788\"}","timestamp":"2024-10-09T03:33:38.376Z"}
{"level":"\u001b[32minfo\u001b[39m","message":"{\"method\":\"GET\",\"url\":\"/userprofile\",\"status\":\"200\",\"responseTime\":\"289.597\"}","timestamp":"2024-10-09T03:33:41.509Z"}
{"level":"\u001b[32minfo\u001b[39m","message":"{\"method\":\"POST\",\"url\":\"/update\",\"status\":\"200\",\"responseTime\":\"140.063\"}","timestamp":"2024-10-09T03:33:44.221Z"}
{"level":"\u001b[32minfo\u001b[39m","message":"{\"method\":\"POST\",\"url\":\"/update\",\"status\":\"200\",\"responseTime\":\"228.044\"}","timestamp":"2024-10-09T03:33:49.337Z"}
{"level":"\u001b[32minfo\u001b[39m","message":"{\"method\":\"POST\",\"url\":\"/login\",\"status\":\"200\",\"responseTime\":\"6127.766\"}","timestamp":"2024-10-09T03:53:02.717Z"}
{"level":"\u001b[32minfo\u001b[39m","message":"{\"method\":\"POST\",\"url\":\"/login\",\"status\":\"200\",\"responseTime\":\"2374.482\"}","timestamp":"2024-10-09T03:53:03.173Z"}
{"level":"\u001b[32minfo\u001b[39m","message":"{\"method\":\"POST\",\"url\":\"/login\",\"status\":\"200\",\"responseTime\":\"4481.465\"}","timestamp":"2024-10-09T03:53:04.244Z"}
{"level":"\u001b[32minfo\u001b[39m","message":"{\"method\":\"POST\",\"url\":\"/login\",\"status\":\"200\",\"responseTime\":\"3641.364\"}","timestamp":"2024-10-09T03:53:04.258Z"}
{"level":"\u001b[32minfo\u001b[39m","message":"{\"method\":\"GET\",\"url\":\"/userprofile\",\"status\":\"200\",\"responseTime\":\"355.072\"}","timestamp":"2024-10-09T03:53:07.139Z"}
{"level":"\u001b[32minfo\u001b[39m","message":"{\"method\":\"POST\",\"url\":\"/update\",\"status\":\"200\",\"responseTime\":\"233.553\"}","timestamp":"2024-10-09T03:53:13.206Z"}
{"level":"\u001b[32minfo\u001b[39m","message":"{\"method\":\"GET\",\"url\":\"/userprofile\",\"status\":\"200\",\"responseTime\":\"918.443\"}","timestamp":"2024-10-09T04:00:56.384Z"}
{"level":"\u001b[32minfo\u001b[39m","message":"{\"method\":\"GET\",\"url\":\"/userprofile\",\"status\":\"401\",\"responseTime\":\"1.170\"}","timestamp":"2024-10-09T04:08:52.929Z"}
{"level":"\u001b[32minfo\u001b[39m","message":"{\"method\":\"GET\",\"url\":\"/userprofile\",\"status\":\"200\",\"responseTime\":\"20.607\"}","timestamp":"2024-10-09T04:10:22.133Z"}
{"level":"\u001b[32minfo\u001b[39m","message":"{\"method\":\"GET\",\"url\":\"/userprofile\",\"status\":\"401\",\"responseTime\":\"2.970\"}","timestamp":"2024-10-09T04:11:14.969Z"}
{"level":"\u001b[32minfo\u001b[39m","message":"{\"method\":\"GET\",\"url\":\"/userprofile\",\"status\":\"401\",\"responseTime\":\"9.384\"}","timestamp":"2024-10-09T04:12:41.657Z"}
{"level":"\u001b[32minfo\u001b[39m","message":"{\"method\":\"GET\",\"url\":\"/userprofile\",\"status\":\"401\",\"responseTime\":\"4.437\"}","timestamp":"2024-10-09T04:13:18.006Z"}
{"level":"\u001b[32minfo\u001b[39m","message":"{\"method\":\"POST\",\"url\":\"/login\",\"status\":\"200\",\"responseTime\":\"328.503\"}","timestamp":"2024-10-09T04:14:16.023Z"}
{"level":"\u001b[32minfo\u001b[39m","message":"{\"method\":\"GET\",\"url\":\"/userprofile\",\"status\":\"200\",\"responseTime\":\"191.686\"}","timestamp":"2024-10-09T04:14:39.962Z"}
{"level":"\u001b[32minfo\u001b[39m","message":"{\"method\":\"GET\",\"url\":\"/userprofile\",\"status\":\"304\",\"responseTime\":\"225.715\"}","timestamp":"2024-10-09T04:14:41.001Z"}
{"level":"\u001b[32minfo\u001b[39m","message":"{\"method\":\"GET\",\"url\":\"/userprofile\",\"status\":\"304\",\"responseTime\":\"256.845\"}","timestamp":"2024-10-09T04:14:42.318Z"}
{"level":"\u001b[32minfo\u001b[39m","message":"{\"method\":\"GET\",\"url\":\"/userprofile\",\"status\":\"304\",\"responseTime\":\"380.422\"}","timestamp":"2024-10-09T04:14:44.202Z"}
{"level":"\u001b[32minfo\u001b[39m","message":"{\"method\":\"GET\",\"url\":\"/userprofile\",\"status\":\"304\",\"responseTime\":\"186.068\"}","timestamp":"2024-10-09T04:30:48.469Z"}
{"level":"\u001b[32minfo\u001b[39m","message":"{\"method\":\"GET\",\"url\":\"/userprofile\",\"status\":\"304\",\"responseTime\":\"216.801\"}","timestamp":"2024-10-09T04:39:30.046Z"}
{"level":"\u001b[32minfo\u001b[39m","message":"{\"method\":\"GET\",\"url\":\"/userprofile\",\"status\":\"304\",\"responseTime\":\"356.915\"}","timestamp":"2024-10-09T04:39:31.748Z"}
{"level":"\u001b[32minfo\u001b[39m","message":"{\"method\":\"POST\",\"url\":\"/login\",\"status\":\"200\",\"responseTime\":\"1979.468\"}","timestamp":"2024-10-09T04:41:23.345Z"}
{"level":"\u001b[32minfo\u001b[39m","message":"{\"method\":\"GET\",\"url\":\"/userprofile\",\"status\":\"200\",\"responseTime\":\"229.025\"}","timestamp":"2024-10-09T04:41:27.008Z"}
{"level":"\u001b[32minfo\u001b[39m","message":"{\"method\":\"GET\",\"url\":\"/userprofile\",\"status\":\"304\",\"responseTime\":\"136.822\"}","timestamp":"2024-10-09T04:42:13.615Z"}
{"level":"\u001b[32minfo\u001b[39m","message":"{\"method\":\"GET\",\"url\":\"/userprofile\",\"status\":\"401\",\"responseTime\":\"22.746\"}","timestamp":"2024-10-09T04:42:34.477Z"}
{"level":"\u001b[32minfo\u001b[39m","message":"{\"method\":\"GET\",\"url\":\"/userprofile\",\"status\":\"401\",\"responseTime\":\"9.280\"}","timestamp":"2024-10-09T04:42:40.661Z"}
{"level":"\u001b[32minfo\u001b[39m","message":"{\"method\":\"POST\",\"url\":\"/login\",\"status\":\"401\",\"responseTime\":\"30021.003\"}","timestamp":"2024-10-09T04:44:17.107Z"}
{"level":"\u001b[32minfo\u001b[39m","message":"{\"method\":\"POST\",\"url\":\"/login\",\"status\":\"401\",\"responseTime\":\"30087.689\"}","timestamp":"2024-10-09T04:44:24.917Z"}
{"level":"\u001b[32minfo\u001b[39m","message":"{\"method\":\"POST\",\"url\":\"/login\",\"status\":\"401\",\"responseTime\":\"30015.361\"}","timestamp":"2024-10-09T04:44:33.551Z"}
{"level":"\u001b[32minfo\u001b[39m","message":"{\"method\":\"POST\",\"url\":\"/login\",\"status\":\"401\",\"responseTime\":\"30006.810\"}","timestamp":"2024-10-09T04:44:41.828Z"}
{"level":"\u001b[32minfo\u001b[39m","message":"{\"method\":\"POST\",\"url\":\"/login\",\"status\":\"401\",\"responseTime\":\"30017.461\"}","timestamp":"2024-10-09T04:44:43.018Z"}
{"level":"\u001b[32minfo\u001b[39m","message":"{\"method\":\"POST\",\"url\":\"/login\",\"status\":\"401\",\"responseTime\":\"30003.829\"}","timestamp":"2024-10-09T04:44:43.165Z"}
{"level":"\u001b[32minfo\u001b[39m","message":"{\"method\":\"POST\",\"url\":\"/login\",\"status\":\"401\",\"responseTime\":\"30005.552\"}","timestamp":"2024-10-09T04:44:47.132Z"}
{"level":"\u001b[32minfo\u001b[39m","message":"{\"method\":\"POST\",\"url\":\"/login\",\"status\":\"200\",\"responseTime\":\"11418.487\"}","timestamp":"2024-10-09T04:44:50.894Z"}
{"level":"\u001b[32minfo\u001b[39m","message":"{\"method\":\"GET\",\"url\":\"/userprofile\",\"status\":\"304\",\"responseTime\":\"633.386\"}","timestamp":"2024-10-09T04:45:14.577Z"}
{"level":"\u001b[32minfo\u001b[39m","message":"{\"method\":\"GET\",\"url\":\"/userprofile\",\"status\":\"200\",\"responseTime\":\"31895.200\"}","timestamp":"2024-10-09T04:45:59.442Z"}
{"level":"\u001b[32minfo\u001b[39m","message":"{\"method\":\"GET\",\"url\":\"/userprofile\",\"status\":\"401\",\"responseTime\":\"7.496\"}","timestamp":"2024-10-09T04:46:33.782Z"}
{"level":"\u001b[32minfo\u001b[39m","message":"{\"method\":\"GET\",\"url\":\"/userprofile\",\"status\":\"401\",\"responseTime\":\"74.254\"}","timestamp":"2024-10-09T04:48:10.983Z"}
{"level":"\u001b[32minfo\u001b[39m","message":"{\"method\":\"GET\",\"url\":\"/userprofile\",\"status\":\"401\",\"responseTime\":\"22.680\"}","timestamp":"2024-10-09T04:58:49.846Z"}
{"level":"\u001b[32minfo\u001b[39m","message":"{\"method\":\"POST\",\"url\":\"/login\",\"status\":\"200\",\"responseTime\":\"404.145\"}","timestamp":"2024-10-09T04:59:01.490Z"}
{"level":"\u001b[32minfo\u001b[39m","message":"{\"method\":\"GET\",\"url\":\"/userprofile\",\"status\":\"200\",\"responseTime\":\"106.900\"}","timestamp":"2024-10-09T04:59:20.009Z"}
{"level":"\u001b[32minfo\u001b[39m","message":"{\"method\":\"GET\",\"url\":\"/userprofile\",\"status\":\"304\",\"responseTime\":\"184.056\"}","timestamp":"2024-10-09T04:59:28.556Z"}
{"level":"\u001b[32minfo\u001b[39m","message":"{\"method\":\"GET\",\"url\":\"/userprofile\",\"status\":\"304\",\"responseTime\":\"118.062\"}","timestamp":"2024-10-09T04:59:34.072Z"}
{"level":"\u001b[32minfo\u001b[39m","message":"{\"method\":\"GET\",\"url\":\"/userprofile\",\"status\":\"401\",\"responseTime\":\"9.413\"}","timestamp":"2024-10-09T05:00:22.179Z"}
{"level":"\u001b[32minfo\u001b[39m","message":"{\"method\":\"POST\",\"url\":\"/login\",\"status\":\"200\",\"responseTime\":\"427.598\"}","timestamp":"2024-10-09T05:07:11.371Z"}
{"level":"\u001b[32minfo\u001b[39m","message":"{\"method\":\"GET\",\"url\":\"/userprofile\",\"status\":\"304\",\"responseTime\":\"280.263\"}","timestamp":"2024-10-09T05:07:15.374Z"}
{"level":"\u001b[32minfo\u001b[39m","message":"{\"method\":\"GET\",\"url\":\"/userprofile\",\"status\":\"401\",\"responseTime\":\"11.875\"}","timestamp":"2024-10-09T05:09:57.552Z"}
{"level":"\u001b[32minfo\u001b[39m","message":"{\"method\":\"GET\",\"url\":\"/userprofile\",\"status\":\"401\",\"responseTime\":\"3.112\"}","timestamp":"2024-10-09T05:14:03.152Z"}
{"level":"\u001b[32minfo\u001b[39m","message":"{\"method\":\"GET\",\"url\":\"/userprofile\",\"status\":\"401\",\"responseTime\":\"5.123\"}","timestamp":"2024-10-09T05:15:08.588Z"}
{"level":"\u001b[32minfo\u001b[39m","message":"{\"method\":\"GET\",\"url\":\"/userprofile\",\"status\":\"401\",\"responseTime\":\"3.454\"}","timestamp":"2024-10-09T05:15:10.931Z"}
{"level":"\u001b[32minfo\u001b[39m","message":"{\"method\":\"GET\",\"url\":\"/userprofile\",\"status\":\"401\",\"responseTime\":\"5.439\"}","timestamp":"2024-10-09T05:15:35.973Z"}
{"level":"\u001b[32minfo\u001b[39m","message":"{\"method\":\"POST\",\"url\":\"/login\",\"status\":\"200\",\"responseTime\":\"281.387\"}","timestamp":"2024-10-09T05:15:45.107Z"}
{"level":"\u001b[32minfo\u001b[39m","message":"{\"method\":\"GET\",\"url\":\"/userprofile\",\"status\":\"304\",\"responseTime\":\"70.991\"}","timestamp":"2024-10-09T05:15:56.649Z"}
{"level":"\u001b[32minfo\u001b[39m","message":"{\"method\":\"GET\",\"url\":\"/userprofile\",\"status\":\"304\",\"responseTime\":\"132.907\"}","timestamp":"2024-10-09T05:16:06.513Z"}
{"level":"\u001b[32minfo\u001b[39m","message":"{\"method\":\"GET\",\"url\":\"/userprofile\",\"status\":\"304\",\"responseTime\":\"150.145\"}","timestamp":"2024-10-09T05:16:31.628Z"}
{"level":"\u001b[32minfo\u001b[39m","message":"{\"method\":\"GET\",\"url\":\"/userprofile\",\"status\":\"401\",\"responseTime\":\"4.120\"}","timestamp":"2024-10-09T05:17:13.468Z"}
{"level":"\u001b[32minfo\u001b[39m","message":"{\"method\":\"GET\",\"url\":\"/userprofile\",\"status\":\"401\",\"responseTime\":\"3.117\"}","timestamp":"2024-10-09T05:18:52.340Z"}
{"level":"\u001b[32minfo\u001b[39m","message":"{\"method\":\"GET\",\"url\":\"/userprofile\",\"status\":\"401\",\"responseTime\":\"4.489\"}","timestamp":"2024-10-09T05:21:52.413Z"}
{"level":"\u001b[32minfo\u001b[39m","message":"{\"method\":\"GET\",\"url\":\"/userprofile\",\"status\":\"401\",\"responseTime\":\"5.847\"}","timestamp":"2024-10-09T05:29:55.135Z"}
{"level":"\u001b[32minfo\u001b[39m","message":"{\"method\":\"GET\",\"url\":\"/userprofile\",\"status\":\"401\",\"responseTime\":\"5.457\"}","timestamp":"2024-10-09T05:30:01.760Z"}
{"level":"\u001b[32minfo\u001b[39m","message":"{\"method\":\"GET\",\"url\":\"/userprofile\",\"status\":\"401\",\"responseTime\":\"8.299\"}","timestamp":"2024-10-09T05:30:08.777Z"}
{"level":"\u001b[32minfo\u001b[39m","message":"{\"method\":\"GET\",\"url\":\"/userprofile\",\"status\":\"401\",\"responseTime\":\"10.928\"}","timestamp":"2024-10-09T05:30:20.374Z"}
{"level":"\u001b[32minfo\u001b[39m","message":"{\"method\":\"GET\",\"url\":\"/userprofile\",\"status\":\"401\",\"responseTime\":\"3.751\"}","timestamp":"2024-10-09T05:30:41.117Z"}
{"level":"\u001b[32minfo\u001b[39m","message":"{\"method\":\"GET\",\"url\":\"/userprofile\",\"status\":\"401\",\"responseTime\":\"3.200\"}","timestamp":"2024-10-09T05:30:46.771Z"}
{"level":"\u001b[32minfo\u001b[39m","message":"{\"method\":\"GET\",\"url\":\"/userprofile\",\"status\":\"401\",\"responseTime\":\"3.715\"}","timestamp":"2024-10-09T05:30:50.114Z"}
{"level":"\u001b[32minfo\u001b[39m","message":"{\"method\":\"GET\",\"url\":\"/userprofile\",\"status\":\"401\",\"responseTime\":\"3.600\"}","timestamp":"2024-10-09T05:33:30.187Z"}
{"level":"\u001b[32minfo\u001b[39m","message":"{\"method\":\"GET\",\"url\":\"/userprofile\",\"status\":\"401\",\"responseTime\":\"2.756\"}","timestamp":"2024-10-09T05:33:38.760Z"}
{"level":"\u001b[32minfo\u001b[39m","message":"{\"method\":\"POST\",\"url\":\"/login\",\"status\":\"200\",\"responseTime\":\"490.686\"}","timestamp":"2024-10-09T05:34:33.427Z"}
{"level":"\u001b[32minfo\u001b[39m","message":"{\"method\":\"GET\",\"url\":\"/userprofile\",\"status\":\"304\",\"responseTime\":\"126.525\"}","timestamp":"2024-10-09T05:34:37.609Z"}
{"level":"\u001b[32minfo\u001b[39m","message":"{\"method\":\"GET\",\"url\":\"/userprofile\",\"status\":\"304\",\"responseTime\":\"150.144\"}","timestamp":"2024-10-09T05:35:17.950Z"}
{"level":"\u001b[32minfo\u001b[39m","message":"{\"method\":\"GET\",\"url\":\"/userprofile\",\"status\":\"304\",\"responseTime\":\"121.572\"}","timestamp":"2024-10-09T05:35:22.672Z"}
{"level":"\u001b[32minfo\u001b[39m","message":"{\"method\":\"GET\",\"url\":\"/userprofile\",\"status\":\"304\",\"responseTime\":\"153.933\"}","timestamp":"2024-10-09T05:35:25.542Z"}
{"level":"\u001b[32minfo\u001b[39m","message":"{\"method\":\"GET\",\"url\":\"/userprofile\",\"status\":\"304\",\"responseTime\":\"211.188\"}","timestamp":"2024-10-09T05:35:28.815Z"}
{"level":"\u001b[32minfo\u001b[39m","message":"{\"method\":\"GET\",\"url\":\"/userprofile\",\"status\":\"304\",\"responseTime\":\"199.395\"}","timestamp":"2024-10-09T05:35:31.948Z"}
{"level":"\u001b[32minfo\u001b[39m","message":"{\"method\":\"POST\",\"url\":\"/login\",\"status\":\"200\",\"responseTime\":\"413.375\"}","timestamp":"2024-10-09T05:37:34.806Z"}
{"level":"\u001b[32minfo\u001b[39m","message":"{\"method\":\"GET\",\"url\":\"/userprofile\",\"status\":\"304\",\"responseTime\":\"59.923\"}","timestamp":"2024-10-09T05:37:38.164Z"}
{"level":"\u001b[32minfo\u001b[39m","message":"{\"method\":\"GET\",\"url\":\"/userprofile\",\"status\":\"304\",\"responseTime\":\"82.689\"}","timestamp":"2024-10-09T05:37:40.178Z"}
{"level":"\u001b[32minfo\u001b[39m","message":"{\"method\":\"GET\",\"url\":\"/userprofile\",\"status\":\"304\",\"responseTime\":\"210.247\"}","timestamp":"2024-10-09T05:38:11.146Z"}
{"level":"\u001b[32minfo\u001b[39m","message":"{\"method\":\"GET\",\"url\":\"/userprofile\",\"status\":\"304\",\"responseTime\":\"1017.448\"}","timestamp":"2024-10-09T05:38:15.593Z"}
{"level":"\u001b[32minfo\u001b[39m","message":"{\"method\":\"GET\",\"url\":\"/userprofile\",\"status\":\"304\",\"responseTime\":\"358.644\"}","timestamp":"2024-10-09T05:38:17.932Z"}
{"level":"\u001b[32minfo\u001b[39m","message":"{\"method\":\"GET\",\"url\":\"/userprofile\",\"status\":\"304\",\"responseTime\":\"166.878\"}","timestamp":"2024-10-09T05:38:30.658Z"}
{"level":"\u001b[32minfo\u001b[39m","message":"{\"method\":\"POST\",\"url\":\"/login\",\"status\":\"200\",\"responseTime\":\"173.881\"}","timestamp":"2024-10-09T05:38:55.779Z"}
{"level":"\u001b[32minfo\u001b[39m","message":"{\"method\":\"GET\",\"url\":\"/userprofile\",\"status\":\"304\",\"responseTime\":\"46.796\"}","timestamp":"2024-10-09T05:39:01.251Z"}
{"level":"\u001b[32minfo\u001b[39m","message":"{\"method\":\"POST\",\"url\":\"/login\",\"status\":\"200\",\"responseTime\":\"227.233\"}","timestamp":"2024-10-09T05:41:06.970Z"}
{"level":"\u001b[32minfo\u001b[39m","message":"{\"method\":\"GET\",\"url\":\"/userprofile\",\"status\":\"304\",\"responseTime\":\"135.315\"}","timestamp":"2024-10-09T05:41:09.466Z"}
{"level":"\u001b[32minfo\u001b[39m","message":"{\"method\":\"GET\",\"url\":\"/userprofile\",\"status\":\"304\",\"responseTime\":\"74.371\"}","timestamp":"2024-10-09T05:41:15.734Z"}
{"level":"\u001b[32minfo\u001b[39m","message":"{\"method\":\"GET\",\"url\":\"/userprofile\",\"status\":\"304\",\"responseTime\":\"210.886\"}","timestamp":"2024-10-09T05:41:28.930Z"}
{"level":"\u001b[32minfo\u001b[39m","message":"{\"method\":\"GET\",\"url\":\"/userprofile\",\"status\":\"304\",\"responseTime\":\"123.243\"}","timestamp":"2024-10-09T05:41:31.364Z"}
{"level":"\u001b[32minfo\u001b[39m","message":"{\"method\":\"GET\",\"url\":\"/userprofile\",\"status\":\"304\",\"responseTime\":\"106.835\"}","timestamp":"2024-10-09T05:41:33.907Z"}
{"level":"\u001b[32minfo\u001b[39m","message":"{\"method\":\"GET\",\"url\":\"/userprofile\",\"status\":\"304\",\"responseTime\":\"84.625\"}","timestamp":"2024-10-09T05:41:37.444Z"}
{"level":"\u001b[32minfo\u001b[39m","message":"{\"method\":\"GET\",\"url\":\"/userprofile\",\"status\":\"304\",\"responseTime\":\"157.960\"}","timestamp":"2024-10-09T05:41:44.286Z"}
{"level":"\u001b[32minfo\u001b[39m","message":"{\"method\":\"GET\",\"url\":\"/userprofile\",\"status\":\"304\",\"responseTime\":\"258.749\"}","timestamp":"2024-10-09T05:41:47.548Z"}
{"level":"\u001b[32minfo\u001b[39m","message":"{\"method\":\"GET\",\"url\":\"/userprofile\",\"status\":\"304\",\"responseTime\":\"101.322\"}","timestamp":"2024-10-09T05:41:54.391Z"}
{"level":"\u001b[32minfo\u001b[39m","message":"{\"method\":\"GET\",\"url\":\"/userprofile\",\"status\":\"304\",\"responseTime\":\"224.304\"}","timestamp":"2024-10-09T05:41:58.275Z"}
{"level":"\u001b[32minfo\u001b[39m","message":"{\"method\":\"POST\",\"url\":\"/update\",\"status\":\"403\",\"responseTime\":\"2.298\"}","timestamp":"2024-10-09T05:42:09.966Z"}
{"level":"\u001b[32minfo\u001b[39m","message":"{\"method\":\"POST\",\"url\":\"/update\",\"status\":\"403\",\"responseTime\":\"1.459\"}","timestamp":"2024-10-09T05:42:24.594Z"}
{"level":"\u001b[32minfo\u001b[39m","message":"{\"method\":\"POST\",\"url\":\"/login\",\"status\":\"200\",\"responseTime\":\"172.387\"}","timestamp":"2024-10-09T05:43:20.237Z"}
{"level":"\u001b[32minfo\u001b[39m","message":"{\"method\":\"GET\",\"url\":\"/userprofile\",\"status\":\"304\",\"responseTime\":\"170.221\"}","timestamp":"2024-10-09T05:43:24.599Z"}
{"level":"\u001b[32minfo\u001b[39m","message":"{\"method\":\"GET\",\"url\":\"/userprofile\",\"status\":\"304\",\"responseTime\":\"95.876\"}","timestamp":"2024-10-09T05:43:55.875Z"}
{"level":"\u001b[32minfo\u001b[39m","message":"{\"method\":\"GET\",\"url\":\"/userprofile\",\"status\":\"304\",\"responseTime\":\"157.091\"}","timestamp":"2024-10-09T05:44:02.746Z"}
{"level":"\u001b[32minfo\u001b[39m","message":"{\"method\":\"POST\",\"url\":\"/update\",\"status\":\"403\",\"responseTime\":\"1.760\"}","timestamp":"2024-10-09T05:44:07.745Z"}
{"level":"\u001b[32minfo\u001b[39m","message":"{\"method\":\"GET\",\"url\":\"/userprofile\",\"status\":\"304\",\"responseTime\":\"1120.879\"}","timestamp":"2024-10-09T05:44:19.742Z"}
{"level":"\u001b[32minfo\u001b[39m","message":"{\"method\":\"GET\",\"url\":\"/userprofile\",\"status\":\"-\",\"responseTime\":\"-\"}","timestamp":"2024-10-09T05:44:25.860Z"}
{"level":"\u001b[32minfo\u001b[39m","message":"{\"method\":\"GET\",\"url\":\"/userprofile\",\"status\":\"200\",\"responseTime\":\"302.513\"}","timestamp":"2024-10-09T05:44:27.962Z"}
{"level":"\u001b[32minfo\u001b[39m","message":"{\"method\":\"GET\",\"url\":\"/userprofile\",\"status\":\"304\",\"responseTime\":\"243.139\"}","timestamp":"2024-10-09T05:44:31.089Z"}
{"level":"\u001b[32minfo\u001b[39m","message":"{\"method\":\"POST\",\"url\":\"/update\",\"status\":\"403\",\"responseTime\":\"2.612\"}","timestamp":"2024-10-09T05:44:34.819Z"}
{"level":"\u001b[32minfo\u001b[39m","message":"{\"method\":\"POST\",\"url\":\"/update\",\"status\":\"403\",\"responseTime\":\"2.617\"}","timestamp":"2024-10-09T05:44:48.246Z"}
{"level":"\u001b[32minfo\u001b[39m","message":"{\"method\":\"POST\",\"url\":\"/login\",\"status\":\"200\",\"responseTime\":\"221.424\"}","timestamp":"2024-10-09T05:45:04.624Z"}
{"level":"\u001b[32minfo\u001b[39m","message":"{\"method\":\"GET\",\"url\":\"/userprofile\",\"status\":\"304\",\"responseTime\":\"76.433\"}","timestamp":"2024-10-09T05:45:09.440Z"}
{"level":"\u001b[32minfo\u001b[39m","message":"{\"method\":\"POST\",\"url\":\"/update\",\"status\":\"403\",\"responseTime\":\"1.241\"}","timestamp":"2024-10-09T05:45:12.954Z"}
{"level":"\u001b[32minfo\u001b[39m","message":"{\"method\":\"POST\",\"url\":\"/update\",\"status\":\"403\",\"responseTime\":\"2.393\"}","timestamp":"2024-10-09T05:45:16.029Z"}
{"level":"\u001b[32minfo\u001b[39m","message":"{\"method\":\"GET\",\"url\":\"/userprofile\",\"status\":\"304\",\"responseTime\":\"102.773\"}","timestamp":"2024-10-09T05:45:40.449Z"}
{"level":"\u001b[32minfo\u001b[39m","message":"{\"method\":\"POST\",\"url\":\"/update\",\"status\":\"403\",\"responseTime\":\"1.136\"}","timestamp":"2024-10-09T05:45:49.100Z"}
{"level":"\u001b[32minfo\u001b[39m","message":"{\"method\":\"POST\",\"url\":\"/update\",\"status\":\"403\",\"responseTime\":\"1.027\"}","timestamp":"2024-10-09T05:46:01.484Z"}
{"level":"\u001b[32minfo\u001b[39m","message":"{\"method\":\"GET\",\"url\":\"/userprofile\",\"status\":\"304\",\"responseTime\":\"167.753\"}","timestamp":"2024-10-09T05:46:21.522Z"}
{"level":"\u001b[32minfo\u001b[39m","message":"{\"method\":\"POST\",\"url\":\"/update\",\"status\":\"403\",\"responseTime\":\"3.614\"}","timestamp":"2024-10-09T05:46:35.017Z"}
{"level":"\u001b[32minfo\u001b[39m","message":"{\"method\":\"POST\",\"url\":\"/update\",\"status\":\"403\",\"responseTime\":\"1.296\"}","timestamp":"2024-10-09T05:47:13.329Z"}
{"level":"\u001b[32minfo\u001b[39m","message":"{\"method\":\"GET\",\"url\":\"/userprofile\",\"status\":\"304\",\"responseTime\":\"188.024\"}","timestamp":"2024-10-09T05:50:26.280Z"}
{"level":"\u001b[32minfo\u001b[39m","message":"{\"method\":\"GET\",\"url\":\"/userprofile\",\"status\":\"304\",\"responseTime\":\"189.659\"}","timestamp":"2024-10-09T05:50:30.311Z"}
{"level":"\u001b[32minfo\u001b[39m","message":"{\"method\":\"POST\",\"url\":\"/update\",\"status\":\"403\",\"responseTime\":\"0.978\"}","timestamp":"2024-10-09T05:50:34.002Z"}
{"level":"\u001b[32minfo\u001b[39m","message":"{\"method\":\"POST\",\"url\":\"/login\",\"status\":\"200\",\"responseTime\":\"353.256\"}","timestamp":"2024-10-09T05:51:39.681Z"}
{"level":"\u001b[32minfo\u001b[39m","message":"{\"method\":\"GET\",\"url\":\"/userprofile\",\"status\":\"200\",\"responseTime\":\"266.596\"}","timestamp":"2024-10-09T05:51:43.110Z"}
{"level":"\u001b[32minfo\u001b[39m","message":"{\"method\":\"POST\",\"url\":\"/update\",\"status\":\"200\",\"responseTime\":\"195.643\"}","timestamp":"2024-10-09T05:51:48.206Z"}
{"level":"\u001b[32minfo\u001b[39m","message":"{\"method\":\"POST\",\"url\":\"/update\",\"status\":\"200\",\"responseTime\":\"109.320\"}","timestamp":"2024-10-09T05:52:11.864Z"}
{"level":"\u001b[32minfo\u001b[39m","message":"{\"method\":\"GET\",\"url\":\"/userprofile\",\"status\":\"200\",\"responseTime\":\"152.581\"}","timestamp":"2024-10-09T05:52:17.098Z"}
{"level":"\u001b[32minfo\u001b[39m","message":"{\"method\":\"GET\",\"url\":\"/userprofile\",\"status\":\"304\",\"responseTime\":\"144.386\"}","timestamp":"2024-10-09T05:59:39.951Z"}
{"level":"\u001b[32minfo\u001b[39m","message":"{\"method\":\"POST\",\"url\":\"/update\",\"status\":\"200\",\"responseTime\":\"61.964\"}","timestamp":"2024-10-09T05:59:44.318Z"}
{"level":"\u001b[32minfo\u001b[39m","message":"{\"method\":\"GET\",\"url\":\"/userprofile\",\"status\":\"200\",\"responseTime\":\"123.567\"}","timestamp":"2024-10-09T06:08:54.486Z"}
{"level":"\u001b[32minfo\u001b[39m","message":"{\"method\":\"GET\",\"url\":\"/userprofile\",\"status\":\"304\",\"responseTime\":\"81.135\"}","timestamp":"2024-10-09T06:09:06.402Z"}
{"level":"\u001b[32minfo\u001b[39m","message":"{\"method\":\"GET\",\"url\":\"/userprofile\",\"status\":\"-\",\"responseTime\":\"-\"}","timestamp":"2024-10-09T06:09:27.828Z"}
{"level":"\u001b[32minfo\u001b[39m","message":"{\"method\":\"GET\",\"url\":\"/userprofile\",\"status\":\"200\",\"responseTime\":\"146.193\"}","timestamp":"2024-10-09T06:09:28.154Z"}
{"level":"\u001b[32minfo\u001b[39m","message":"{\"method\":\"GET\",\"url\":\"/userprofile\",\"status\":\"304\",\"responseTime\":\"116.595\"}","timestamp":"2024-10-09T06:09:29.118Z"}
{"level":"\u001b[32minfo\u001b[39m","message":"{\"method\":\"GET\",\"url\":\"/userprofile\",\"status\":\"304\",\"responseTime\":\"72.845\"}","timestamp":"2024-10-09T06:09:29.873Z"}
{"level":"\u001b[32minfo\u001b[39m","message":"{\"method\":\"GET\",\"url\":\"/userprofile\",\"status\":\"304\",\"responseTime\":\"94.606\"}","timestamp":"2024-10-09T06:09:30.899Z"}
{"level":"\u001b[32minfo\u001b[39m","message":"{\"method\":\"GET\",\"url\":\"/userprofile\",\"status\":\"304\",\"responseTime\":\"210.216\"}","timestamp":"2024-10-09T06:09:31.884Z"}
{"level":"\u001b[32minfo\u001b[39m","message":"{\"method\":\"GET\",\"url\":\"/userprofile\",\"status\":\"304\",\"responseTime\":\"80.542\"}","timestamp":"2024-10-09T06:09:32.499Z"}
{"level":"\u001b[32minfo\u001b[39m","message":"{\"method\":\"GET\",\"url\":\"/userprofile\",\"status\":\"304\",\"responseTime\":\"290.851\"}","timestamp":"2024-10-09T06:09:33.442Z"}
{"level":"\u001b[32minfo\u001b[39m","message":"{\"method\":\"GET\",\"url\":\"/userprofile\",\"status\":\"304\",\"responseTime\":\"79.300\"}","timestamp":"2024-10-09T06:09:33.889Z"}
{"level":"\u001b[32minfo\u001b[39m","message":"{\"method\":\"POST\",\"url\":\"/update\",\"status\":\"200\",\"responseTime\":\"198.384\"}","timestamp":"2024-10-09T06:09:38.004Z"}
{"level":"\u001b[32minfo\u001b[39m","message":"{\"method\":\"GET\",\"url\":\"/userprofile\",\"status\":\"200\",\"responseTime\":\"1074.975\"}","timestamp":"2024-10-09T06:15:49.230Z"}
{"level":"\u001b[32minfo\u001b[39m","message":"{\"method\":\"GET\",\"url\":\"/userprofile\",\"status\":\"304\",\"responseTime\":\"60.043\"}","timestamp":"2024-10-09T06:15:55.425Z"}
{"level":"\u001b[32minfo\u001b[39m","message":"{\"method\":\"POST\",\"url\":\"/update\",\"status\":\"403\",\"responseTime\":\"3.195\"}","timestamp":"2024-10-09T06:16:06.380Z"}
{"level":"\u001b[32minfo\u001b[39m","message":"{\"method\":\"POST\",\"url\":\"/update\",\"status\":\"403\",\"responseTime\":\"1.075\"}","timestamp":"2024-10-09T06:16:39.714Z"}
{"level":"\u001b[32minfo\u001b[39m","message":"{\"method\":\"GET\",\"url\":\"/userprofile\",\"status\":\"304\",\"responseTime\":\"656.694\"}","timestamp":"2024-10-09T06:17:18.214Z"}
{"level":"\u001b[32minfo\u001b[39m","message":"{\"method\":\"GET\",\"url\":\"/userprofile\",\"status\":\"304\",\"responseTime\":\"69.549\"}","timestamp":"2024-10-09T06:17:36.789Z"}
{"level":"\u001b[32minfo\u001b[39m","message":"{\"method\":\"GET\",\"url\":\"/userprofile\",\"status\":\"304\",\"responseTime\":\"301.039\"}","timestamp":"2024-10-09T06:20:33.407Z"}
{"level":"\u001b[32minfo\u001b[39m","message":"{\"method\":\"POST\",\"url\":\"/update\",\"status\":\"200\",\"responseTime\":\"113.945\"}","timestamp":"2024-10-09T06:20:37.537Z"}
{"level":"\u001b[32minfo\u001b[39m","message":"{\"method\":\"GET\",\"url\":\"/userprofile\",\"status\":\"200\",\"responseTime\":\"106.644\"}","timestamp":"2024-10-09T06:27:34.953Z"}
{"level":"\u001b[32minfo\u001b[39m","message":"{\"method\":\"POST\",\"url\":\"/login\",\"status\":\"200\",\"responseTime\":\"353.702\"}","timestamp":"2024-10-09T06:32:28.333Z"}
{"level":"\u001b[32minfo\u001b[39m","message":"{\"method\":\"POST\",\"url\":\"/login\",\"status\":\"200\",\"responseTime\":\"455.005\"}","timestamp":"2024-10-09T06:40:35.211Z"}
{"level":"\u001b[32minfo\u001b[39m","message":"{\"method\":\"POST\",\"url\":\"/login\",\"status\":\"200\",\"responseTime\":\"352.718\"}","timestamp":"2024-10-09T06:41:16.805Z"}
{"level":"\u001b[32minfo\u001b[39m","message":"{\"method\":\"POST\",\"url\":\"/login\",\"status\":\"200\",\"responseTime\":\"351.721\"}","timestamp":"2024-10-09T06:42:15.470Z"}
{"level":"\u001b[32minfo\u001b[39m","message":"{\"method\":\"GET\",\"url\":\"/userprofile\",\"status\":\"304\",\"responseTime\":\"985.142\"}","timestamp":"2024-10-09T06:42:24.422Z"}
{"level":"\u001b[32minfo\u001b[39m","message":"{\"method\":\"POST\",\"url\":\"/update\",\"status\":\"200\",\"responseTime\":\"91.469\"}","timestamp":"2024-10-09T06:42:37.680Z"}
{"level":"\u001b[32minfo\u001b[39m","message":"{\"method\":\"GET\",\"url\":\"/userprofile\",\"status\":\"200\",\"responseTime\":\"462.188\"}","timestamp":"2024-10-09T06:44:58.985Z"}
{"level":"\u001b[32minfo\u001b[39m","message":"{\"method\":\"GET\",\"url\":\"/userprofile\",\"status\":\"304\",\"responseTime\":\"388.806\"}","timestamp":"2024-10-09T06:45:04.732Z"}
{"level":"\u001b[32minfo\u001b[39m","message":"{\"method\":\"POST\",\"url\":\"/login\",\"status\":\"200\",\"responseTime\":\"634.303\"}","timestamp":"2024-10-09T06:45:24.105Z"}
{"level":"\u001b[32minfo\u001b[39m","message":"{\"method\":\"GET\",\"url\":\"/userprofile\",\"status\":\"304\",\"responseTime\":\"205.800\"}","timestamp":"2024-10-09T06:45:26.828Z"}
{"level":"\u001b[32minfo\u001b[39m","message":"{\"method\":\"POST\",\"url\":\"/adminlogin\",\"status\":\"200\",\"responseTime\":\"447.080\"}","timestamp":"2024-10-09T07:04:11.617Z"}
{"level":"\u001b[32minfo\u001b[39m","message":"{\"method\":\"GET\",\"url\":\"/admindash\",\"status\":\"200\",\"responseTime\":\"708.672\"}","timestamp":"2024-10-09T07:04:12.412Z"}
{"level":"\u001b[32minfo\u001b[39m","message":"{\"method\":\"POST\",\"url\":\"/update\",\"status\":\"403\",\"responseTime\":\"1.283\"}","timestamp":"2024-10-09T07:14:55.969Z"}
{"level":"\u001b[32minfo\u001b[39m","message":"{\"method\":\"POST\",\"url\":\"/login\",\"status\":\"200\",\"responseTime\":\"1156.404\"}","timestamp":"2024-10-09T07:15:21.825Z"}
{"level":"\u001b[32minfo\u001b[39m","message":"{\"method\":\"GET\",\"url\":\"/userprofile\",\"status\":\"304\",\"responseTime\":\"570.410\"}","timestamp":"2024-10-09T07:15:32.506Z"}
{"level":"\u001b[32minfo\u001b[39m","message":"{\"method\":\"POST\",\"url\":\"/update\",\"status\":\"200\",\"responseTime\":\"84.976\"}","timestamp":"2024-10-09T07:15:37.783Z"}
{"level":"\u001b[32minfo\u001b[39m","message":"{\"method\":\"POST\",\"url\":\"/login\",\"status\":\"200\",\"responseTime\":\"170.631\"}","timestamp":"2024-10-09T07:16:12.648Z"}
{"level":"\u001b[32minfo\u001b[39m","message":"{\"method\":\"GET\",\"url\":\"/userprofile\",\"status\":\"200\",\"responseTime\":\"119.461\"}","timestamp":"2024-10-09T07:17:26.037Z"}
{"level":"\u001b[32minfo\u001b[39m","message":"{\"method\":\"POST\",\"url\":\"/update\",\"status\":\"200\",\"responseTime\":\"258.856\"}","timestamp":"2024-10-09T07:17:30.382Z"}
{"level":"\u001b[32minfo\u001b[39m","message":"{\"method\":\"GET\",\"url\":\"/userprofile\",\"status\":\"304\",\"responseTime\":\"113.914\"}","timestamp":"2024-10-09T07:17:34.099Z"}
{"level":"\u001b[32minfo\u001b[39m","message":"{\"method\":\"POST\",\"url\":\"/update\",\"status\":\"200\",\"responseTime\":\"93.613\"}","timestamp":"2024-10-09T07:17:38.266Z"}
{"level":"\u001b[32minfo\u001b[39m","message":"{\"method\":\"GET\",\"url\":\"/userprofile\",\"status\":\"-\",\"responseTime\":\"-\"}","timestamp":"2024-10-09T07:19:44.876Z"}
{"level":"\u001b[32minfo\u001b[39m","message":"{\"method\":\"GET\",\"url\":\"/userprofile\",\"status\":\"200\",\"responseTime\":\"232.026\"}","timestamp":"2024-10-09T07:19:46.323Z"}
{"level":"\u001b[32minfo\u001b[39m","message":"{\"method\":\"GET\",\"url\":\"/userprofile\",\"status\":\"304\",\"responseTime\":\"181.341\"}","timestamp":"2024-10-09T07:19:47.352Z"}
{"level":"\u001b[32minfo\u001b[39m","message":"{\"method\":\"GET\",\"url\":\"/userprofile\",\"status\":\"304\",\"responseTime\":\"190.972\"}","timestamp":"2024-10-09T07:19:48.077Z"}
{"level":"\u001b[32minfo\u001b[39m","message":"{\"method\":\"POST\",\"url\":\"/update\",\"status\":\"200\",\"responseTime\":\"249.679\"}","timestamp":"2024-10-09T07:19:51.269Z"}
{"level":"\u001b[32minfo\u001b[39m","message":"{\"method\":\"POST\",\"url\":\"/update\",\"status\":\"200\",\"responseTime\":\"239.796\"}","timestamp":"2024-10-09T07:19:53.135Z"}
{"level":"\u001b[32minfo\u001b[39m","message":"{\"method\":\"POST\",\"url\":\"/update\",\"status\":\"200\",\"responseTime\":\"67.114\"}","timestamp":"2024-10-09T07:19:57.744Z"}
{"level":"\u001b[32minfo\u001b[39m","message":"{\"method\":\"POST\",\"url\":\"/update\",\"status\":\"200\",\"responseTime\":\"75.142\"}","timestamp":"2024-10-09T07:20:00.799Z"}
{"level":"\u001b[32minfo\u001b[39m","message":"{\"method\":\"POST\",\"url\":\"/update\",\"status\":\"200\",\"responseTime\":\"84.434\"}","timestamp":"2024-10-09T07:20:32.003Z"}
{"level":"\u001b[32minfo\u001b[39m","message":"{\"method\":\"POST\",\"url\":\"/update\",\"status\":\"200\",\"responseTime\":\"65.049\"}","timestamp":"2024-10-09T07:20:37.616Z"}
{"level":"\u001b[32minfo\u001b[39m","message":"{\"method\":\"POST\",\"url\":\"/adminlogin\",\"status\":\"200\",\"responseTime\":\"223.007\"}","timestamp":"2024-10-09T07:32:07.899Z"}
{"level":"\u001b[32minfo\u001b[39m","message":"{\"method\":\"GET\",\"url\":\"/admindash\",\"status\":\"200\",\"responseTime\":\"134.365\"}","timestamp":"2024-10-09T07:32:08.098Z"}
{"level":"\u001b[32minfo\u001b[39m","message":"{\"method\":\"GET\",\"url\":\"/userprofile\",\"status\":\"200\",\"responseTime\":\"221.694\"}","timestamp":"2024-10-09T07:32:23.997Z"}
{"level":"\u001b[32minfo\u001b[39m","message":"{\"method\":\"POST\",\"url\":\"/login\",\"status\":\"200\",\"responseTime\":\"345.889\"}","timestamp":"2024-10-09T07:50:31.777Z"}
{"level":"\u001b[32minfo\u001b[39m","message":"{\"method\":\"GET\",\"url\":\"/userprofile\",\"status\":\"403\",\"responseTime\":\"11.349\"}","timestamp":"2024-10-09T07:50:43.688Z"}
{"level":"\u001b[32minfo\u001b[39m","message":"{\"method\":\"GET\",\"url\":\"/userprofile\",\"status\":\"403\",\"responseTime\":\"8.653\"}","timestamp":"2024-10-09T07:51:09.477Z"}
{"level":"\u001b[32minfo\u001b[39m","message":"{\"method\":\"GET\",\"url\":\"/userprofile\",\"status\":\"403\",\"responseTime\":\"1.143\"}","timestamp":"2024-10-09T07:51:20.948Z"}
{"level":"\u001b[32minfo\u001b[39m","message":"{\"method\":\"GET\",\"url\":\"/userprofile\",\"status\":\"200\",\"responseTime\":\"83.916\"}","timestamp":"2024-10-09T07:51:23.782Z"}
{"level":"\u001b[32minfo\u001b[39m","message":"{\"method\":\"GET\",\"url\":\"/userprofile\",\"status\":\"304\",\"responseTime\":\"70.520\"}","timestamp":"2024-10-09T07:51:29.528Z"}
{"level":"\u001b[32minfo\u001b[39m","message":"{\"method\":\"POST\",\"url\":\"/update\",\"status\":\"200\",\"responseTime\":\"94.869\"}","timestamp":"2024-10-09T07:52:26.481Z"}
{"level":"\u001b[32minfo\u001b[39m","message":"{\"method\":\"POST\",\"url\":\"/update\",\"status\":\"200\",\"responseTime\":\"67.442\"}","timestamp":"2024-10-09T07:52:30.468Z"}
{"level":"\u001b[32minfo\u001b[39m","message":"{\"method\":\"POST\",\"url\":\"/update\",\"status\":\"200\",\"responseTime\":\"77.854\"}","timestamp":"2024-10-09T07:52:39.961Z"}
{"level":"\u001b[32minfo\u001b[39m","message":"{\"method\":\"POST\",\"url\":\"/update\",\"status\":\"200\",\"responseTime\":\"63.544\"}","timestamp":"2024-10-09T07:53:42.282Z"}
{"level":"\u001b[32minfo\u001b[39m","message":"{\"method\":\"POST\",\"url\":\"/update\",\"status\":\"200\",\"responseTime\":\"91.457\"}","timestamp":"2024-10-09T07:54:10.772Z"}
{"level":"\u001b[32minfo\u001b[39m","message":"{\"method\":\"POST\",\"url\":\"/update\",\"status\":\"403\",\"responseTime\":\"5.605\"}","timestamp":"2024-10-09T07:54:56.138Z"}
{"level":"\u001b[32minfo\u001b[39m","message":"{\"method\":\"GET\",\"url\":\"/userprofile\",\"status\":\"200\",\"responseTime\":\"97.371\"}","timestamp":"2024-10-09T07:55:30.359Z"}
{"level":"\u001b[32minfo\u001b[39m","message":"{\"method\":\"GET\",\"url\":\"/userprofile\",\"status\":\"304\",\"responseTime\":\"69.516\"}","timestamp":"2024-10-09T07:55:58.935Z"}
{"level":"\u001b[32minfo\u001b[39m","message":"{\"method\":\"GET\",\"url\":\"/userprofile\",\"status\":\"304\",\"responseTime\":\"44.440\"}","timestamp":"2024-10-09T07:56:08.082Z"}
{"level":"\u001b[32minfo\u001b[39m","message":"{\"method\":\"GET\",\"url\":\"/userprofile\",\"status\":\"304\",\"responseTime\":\"67.490\"}","timestamp":"2024-10-09T07:57:02.330Z"}
{"level":"\u001b[32minfo\u001b[39m","message":"{\"method\":\"GET\",\"url\":\"/userprofile\",\"status\":\"304\",\"responseTime\":\"69.994\"}","timestamp":"2024-10-09T07:57:11.257Z"}
{"level":"\u001b[32minfo\u001b[39m","message":"{\"method\":\"POST\",\"url\":\"/update\",\"status\":\"200\",\"responseTime\":\"76.565\"}","timestamp":"2024-10-09T07:57:17.784Z"}
{"level":"\u001b[32minfo\u001b[39m","message":"{\"method\":\"GET\",\"url\":\"/userprofile\",\"status\":\"304\",\"responseTime\":\"61.441\"}","timestamp":"2024-10-09T07:57:29.002Z"}
{"level":"\u001b[32minfo\u001b[39m","message":"{\"method\":\"GET\",\"url\":\"/userprofile\",\"status\":\"304\",\"responseTime\":\"73.436\"}","timestamp":"2024-10-09T07:57:30.926Z"}
{"level":"\u001b[32minfo\u001b[39m","message":"{\"method\":\"GET\",\"url\":\"/userprofile\",\"status\":\"304\",\"responseTime\":\"41.012\"}","timestamp":"2024-10-09T07:57:38.745Z"}
{"level":"\u001b[32minfo\u001b[39m","message":"{\"method\":\"GET\",\"url\":\"/userprofile\",\"status\":\"304\",\"responseTime\":\"114.267\"}","timestamp":"2024-10-09T07:57:45.649Z"}
{"level":"\u001b[32minfo\u001b[39m","message":"{\"method\":\"POST\",\"url\":\"/login\",\"status\":\"200\",\"responseTime\":\"961.288\"}","timestamp":"2024-10-09T09:19:16.829Z"}
{"level":"\u001b[32minfo\u001b[39m","message":"{\"method\":\"GET\",\"url\":\"/userprofile\",\"status\":\"304\",\"responseTime\":\"159.577\"}","timestamp":"2024-10-09T09:19:20.014Z"}
{"level":"\u001b[32minfo\u001b[39m","message":"{\"method\":\"POST\",\"url\":\"/update\",\"status\":\"200\",\"responseTime\":\"138.567\"}","timestamp":"2024-10-09T09:19:27.311Z"}
{"level":"\u001b[32minfo\u001b[39m","message":"{\"method\":\"POST\",\"url\":\"/update\",\"status\":\"200\",\"responseTime\":\"76.605\"}","timestamp":"2024-10-09T09:19:36.937Z"}
{"level":"\u001b[32minfo\u001b[39m","message":"{\"method\":\"POST\",\"url\":\"/update\",\"status\":\"200\",\"responseTime\":\"105.468\"}","timestamp":"2024-10-09T09:19:43.769Z"}
{"level":"\u001b[32minfo\u001b[39m","message":"{\"method\":\"POST\",\"url\":\"/update\",\"status\":\"200\",\"responseTime\":\"137.479\"}","timestamp":"2024-10-09T09:19:45.654Z"}
{"level":"\u001b[32minfo\u001b[39m","message":"{\"method\":\"POST\",\"url\":\"/update\",\"status\":\"200\",\"responseTime\":\"92.711\"}","timestamp":"2024-10-09T09:19:47.601Z"}
{"level":"\u001b[32minfo\u001b[39m","message":"{\"method\":\"POST\",\"url\":\"/login\",\"status\":\"200\",\"responseTime\":\"383.178\"}","timestamp":"2024-10-09T10:19:57.054Z"}
{"level":"\u001b[32minfo\u001b[39m","message":"{\"method\":\"GET\",\"url\":\"/users?name=cx\",\"status\":\"404\",\"responseTime\":\"6.808\"}","timestamp":"2024-10-09T11:02:31.456Z"}
{"level":"\u001b[32minfo\u001b[39m","message":"{\"method\":\"GET\",\"url\":\"/users?name=nifli\",\"status\":\"404\",\"responseTime\":\"1.973\"}","timestamp":"2024-10-09T11:02:40.507Z"}
{"level":"\u001b[32minfo\u001b[39m","message":"{\"method\":\"GET\",\"url\":\"/users?name=pious\",\"status\":\"404\",\"responseTime\":\"0.625\"}","timestamp":"2024-10-09T11:02:44.750Z"}
{"level":"\u001b[32minfo\u001b[39m","message":"{\"method\":\"GET\",\"url\":\"/users?name=pious\",\"status\":\"404\",\"responseTime\":\"1.369\"}","timestamp":"2024-10-09T11:03:29.707Z"}
{"level":"\u001b[32minfo\u001b[39m","message":"{\"method\":\"GET\",\"url\":\"/users?name=pious\",\"status\":\"404\",\"responseTime\":\"1.140\"}","timestamp":"2024-10-09T11:03:32.354Z"}
{"level":"\u001b[32minfo\u001b[39m","message":"{\"method\":\"GET\",\"url\":\"/users?name=pious\",\"status\":\"404\",\"responseTime\":\"0.990\"}","timestamp":"2024-10-09T11:03:55.905Z"}
{"level":"\u001b[32minfo\u001b[39m","message":"{\"method\":\"GET\",\"url\":\"/users?name=fgfdgfd\",\"status\":\"404\",\"responseTime\":\"1.490\"}","timestamp":"2024-10-09T11:03:58.955Z"}
{"level":"\u001b[32minfo\u001b[39m","message":"{\"method\":\"GET\",\"url\":\"/users?name=ns\",\"status\":\"404\",\"responseTime\":\"0.951\"}","timestamp":"2024-10-09T11:05:34.828Z"}
{"level":"\u001b[32minfo\u001b[39m","message":"{\"method\":\"GET\",\"url\":\"/users?name=n\",\"status\":\"404\",\"responseTime\":\"3.339\"}","timestamp":"2024-10-09T11:05:40.404Z"}
{"level":"\u001b[32minfo\u001b[39m","message":"{\"method\":\"GET\",\"url\":\"/users?name=ns\",\"status\":\"404\",\"responseTime\":\"2.732\"}","timestamp":"2024-10-09T11:06:35.957Z"}
{"level":"\u001b[32minfo\u001b[39m","message":"{\"method\":\"GET\",\"url\":\"/users?name=fgfdgfd\",\"status\":\"404\",\"responseTime\":\"1.218\"}","timestamp":"2024-10-09T11:06:37.045Z"}
{"level":"\u001b[32minfo\u001b[39m","message":"{\"method\":\"GET\",\"url\":\"/users?name=pious\",\"status\":\"404\",\"responseTime\":\"1.160\"}","timestamp":"2024-10-09T11:06:37.606Z"}
{"level":"\u001b[32minfo\u001b[39m","message":"{\"method\":\"GET\",\"url\":\"/users?name=nifli\",\"status\":\"404\",\"responseTime\":\"0.876\"}","timestamp":"2024-10-09T11:06:38.471Z"}
{"level":"\u001b[32minfo\u001b[39m","message":"{\"method\":\"GET\",\"url\":\"/users?name=cx\",\"status\":\"404\",\"responseTime\":\"1.256\"}","timestamp":"2024-10-09T11:06:39.478Z"}
{"level":"\u001b[32minfo\u001b[39m","message":"{\"method\":\"POST\",\"url\":\"/login\",\"status\":\"200\",\"responseTime\":\"170.782\"}","timestamp":"2024-10-09T11:07:03.717Z"}
{"level":"\u001b[32minfo\u001b[39m","message":"{\"method\":\"GET\",\"url\":\"/users?name=n\",\"status\":\"404\",\"responseTime\":\"0.650\"}","timestamp":"2024-10-09T11:07:13.857Z"}
{"level":"\u001b[32minfo\u001b[39m","message":"{\"method\":\"GET\",\"url\":\"/users?name=n\",\"status\":\"404\",\"responseTime\":\"12.175\"}","timestamp":"2024-10-09T11:09:21.967Z"}
{"level":"\u001b[32minfo\u001b[39m","message":"{\"method\":\"GET\",\"url\":\"/users?name=dd\",\"status\":\"404\",\"responseTime\":\"2.545\"}","timestamp":"2024-10-09T11:09:25.858Z"}
{"level":"\u001b[32minfo\u001b[39m","message":"{\"method\":\"GET\",\"url\":\"/users?name=d\",\"status\":\"404\",\"responseTime\":\"13.609\"}","timestamp":"2024-10-09T11:10:32.796Z"}
{"level":"\u001b[32minfo\u001b[39m","message":"{\"method\":\"GET\",\"url\":\"/users?name=d\",\"status\":\"404\",\"responseTime\":\"7.923\"}","timestamp":"2024-10-09T11:12:15.138Z"}
{"level":"\u001b[32minfo\u001b[39m","message":"{\"method\":\"GET\",\"url\":\"/users?name=dff\",\"status\":\"404\",\"responseTime\":\"2.226\"}","timestamp":"2024-10-09T11:12:17.378Z"}
{"level":"\u001b[32minfo\u001b[39m","message":"{\"method\":\"GET\",\"url\":\"/users?name=dff\",\"status\":\"404\",\"responseTime\":\"1.063\"}","timestamp":"2024-10-09T11:13:04.160Z"}
{"level":"\u001b[32minfo\u001b[39m","message":"{\"method\":\"GET\",\"url\":\"/users?name=N%20S\",\"status\":\"404\",\"responseTime\":\"0.973\"}","timestamp":"2024-10-09T11:13:07.999Z"}
{"level":"\u001b[32minfo\u001b[39m","message":"{\"method\":\"GET\",\"url\":\"/users?name=N%20S\",\"status\":\"404\",\"responseTime\":\"7.553\"}","timestamp":"2024-10-09T11:14:22.719Z"}
{"level":"\u001b[32minfo\u001b[39m","message":"{\"method\":\"GET\",\"url\":\"/users?name=n%20s\",\"status\":\"404\",\"responseTime\":\"5.155\"}","timestamp":"2024-10-09T11:14:27.451Z"}
{"level":"\u001b[32minfo\u001b[39m","message":"{\"method\":\"GET\",\"url\":\"/users?name=n%20s\",\"status\":\"200\",\"responseTime\":\"151.379\"}","timestamp":"2024-10-09T11:14:52.312Z"}
{"level":"\u001b[32minfo\u001b[39m","message":"{\"method\":\"GET\",\"url\":\"/users?name=n\",\"status\":\"200\",\"responseTime\":\"61.774\"}","timestamp":"2024-10-09T11:14:56.381Z"}
{"level":"\u001b[32minfo\u001b[39m","message":"{\"method\":\"GET\",\"url\":\"/users?name=h\",\"status\":\"200\",\"responseTime\":\"61.032\"}","timestamp":"2024-10-09T11:16:12.742Z"}
{"level":"\u001b[32minfo\u001b[39m","message":"{\"method\":\"GET\",\"url\":\"/users?name=n\",\"status\":\"304\",\"responseTime\":\"65.128\"}","timestamp":"2024-10-09T11:16:17.516Z"}
{"level":"\u001b[32minfo\u001b[39m","message":"{\"method\":\"GET\",\"url\":\"/users?name=n%20s\",\"status\":\"304\",\"responseTime\":\"302.165\"}","timestamp":"2024-10-09T11:16:18.211Z"}
{"level":"\u001b[32minfo\u001b[39m","message":"{\"method\":\"GET\",\"url\":\"/users?name=N%20S\",\"status\":\"200\",\"responseTime\":\"199.327\"}","timestamp":"2024-10-09T11:16:18.738Z"}
{"level":"\u001b[32minfo\u001b[39m","message":"{\"method\":\"GET\",\"url\":\"/users?name=dff\",\"status\":\"200\",\"responseTime\":\"42.964\"}","timestamp":"2024-10-09T11:16:19.129Z"}
{"level":"\u001b[32minfo\u001b[39m","message":"{\"method\":\"GET\",\"url\":\"/users?name=d\",\"status\":\"200\",\"responseTime\":\"40.837\"}","timestamp":"2024-10-09T11:16:20.272Z"}
{"level":"\u001b[32minfo\u001b[39m","message":"{\"method\":\"GET\",\"url\":\"/users?name=dd\",\"status\":\"200\",\"responseTime\":\"39.371\"}","timestamp":"2024-10-09T11:16:20.933Z"}
{"level":"\u001b[32minfo\u001b[39m","message":"{\"method\":\"GET\",\"url\":\"/users?name=n\",\"status\":\"304\",\"responseTime\":\"48.766\"}","timestamp":"2024-10-09T11:16:21.464Z"}
{"level":"\u001b[32minfo\u001b[39m","message":"{\"method\":\"GET\",\"url\":\"/check-email?email=nif\",\"status\":\"200\",\"responseTime\":\"40.549\"}","timestamp":"2024-10-09T11:18:14.755Z"}
{"level":"\u001b[32minfo\u001b[39m","message":"{\"method\":\"GET\",\"url\":\"/check-email?email=nif@\",\"status\":\"200\",\"responseTime\":\"49.291\"}","timestamp":"2024-10-09T11:18:15.560Z"}
{"level":"\u001b[32minfo\u001b[39m","message":"{\"method\":\"GET\",\"url\":\"/check-email?email=nif@gmail\",\"status\":\"200\",\"responseTime\":\"267.274\"}","timestamp":"2024-10-09T11:18:16.651Z"}
{"level":"\u001b[32minfo\u001b[39m","message":"{\"method\":\"GET\",\"url\":\"/check-email?email=nif@gmail.xo\",\"status\":\"200\",\"responseTime\":\"29.055\"}","timestamp":"2024-10-09T11:18:17.247Z"}
{"level":"\u001b[32minfo\u001b[39m","message":"{\"method\":\"GET\",\"url\":\"/check-email?email=nif@gmail.com\",\"status\":\"200\",\"responseTime\":\"48.312\"}","timestamp":"2024-10-09T11:18:18.350Z"}
{"level":"\u001b[32minfo\u001b[39m","message":"{\"method\":\"POST\",\"url\":\"/register\",\"status\":\"201\",\"responseTime\":\"1199.034\"}","timestamp":"2024-10-09T11:18:48.851Z"}
{"level":"\u001b[32minfo\u001b[39m","message":"{\"method\":\"GET\",\"url\":\"/check-email?email=aj\",\"status\":\"200\",\"responseTime\":\"38.612\"}","timestamp":"2024-10-09T11:18:57.025Z"}
{"level":"\u001b[32minfo\u001b[39m","message":"{\"method\":\"GET\",\"url\":\"/check-email?email=aji\",\"status\":\"200\",\"responseTime\":\"46.160\"}","timestamp":"2024-10-09T11:18:57.462Z"}
{"level":"\u001b[32minfo\u001b[39m","message":"{\"method\":\"GET\",\"url\":\"/check-email?email=aji@\",\"status\":\"200\",\"responseTime\":\"30.421\"}","timestamp":"2024-10-09T11:18:59.539Z"}
{"level":"\u001b[32minfo\u001b[39m","message":"{\"method\":\"GET\",\"url\":\"/check-email?email=aji@gmail\",\"status\":\"200\",\"responseTime\":\"41.230\"}","timestamp":"2024-10-09T11:19:00.826Z"}
{"level":"\u001b[32minfo\u001b[39m","message":"{\"method\":\"GET\",\"url\":\"/check-email?email=aji@gmail.c\",\"status\":\"200\",\"responseTime\":\"110.729\"}","timestamp":"2024-10-09T11:19:01.625Z"}
{"level":"\u001b[32minfo\u001b[39m","message":"{\"method\":\"GET\",\"url\":\"/check-email?email=aji@gmail.cm\",\"status\":\"200\",\"responseTime\":\"59.240\"}","timestamp":"2024-10-09T11:19:02.040Z"}
{"level":"\u001b[32minfo\u001b[39m","message":"{\"method\":\"GET\",\"url\":\"/check-email?email=aji@gmail.c\",\"status\":\"304\",\"responseTime\":\"50.854\"}","timestamp":"2024-10-09T11:19:02.471Z"}
{"level":"\u001b[32minfo\u001b[39m","message":"{\"method\":\"GET\",\"url\":\"/check-email?email=aji@gmail.com\",\"status\":\"200\",\"responseTime\":\"40.371\"}","timestamp":"2024-10-09T11:19:03.193Z"}
{"level":"\u001b[32minfo\u001b[39m","message":"{\"method\":\"POST\",\"url\":\"/register\",\"status\":\"201\",\"responseTime\":\"299.920\"}","timestamp":"2024-10-09T11:19:39.782Z"}
{"level":"\u001b[32minfo\u001b[39m","message":"{\"method\":\"POST\",\"url\":\"/login\",\"status\":\"200\",\"responseTime\":\"138.825\"}","timestamp":"2024-10-09T11:20:11.032Z"}
{"level":"\u001b[32minfo\u001b[39m","message":"{\"method\":\"GET\",\"url\":\"/users?name=ni\",\"status\":\"200\",\"responseTime\":\"45.135\"}","timestamp":"2024-10-09T11:20:14.583Z"}
{"level":"\u001b[32minfo\u001b[39m","message":"{\"method\":\"GET\",\"url\":\"/users?name=n\",\"status\":\"200\",\"responseTime\":\"44.371\"}","timestamp":"2024-10-09T11:20:18.419Z"}
{"level":"\u001b[32minfo\u001b[39m","message":"{\"method\":\"GET\",\"url\":\"/users?name=ni\",\"status\":\"304\",\"responseTime\":\"46.846\"}","timestamp":"2024-10-09T11:41:50.457Z"}
{"level":"\u001b[32minfo\u001b[39m","message":"{\"method\":\"POST\",\"url\":\"/login\",\"status\":\"200\",\"responseTime\":\"162.383\"}","timestamp":"2024-10-09T11:57:17.956Z"}
{"level":"\u001b[32minfo\u001b[39m","message":"{\"method\":\"GET\",\"url\":\"/userprofile\",\"status\":\"200\",\"responseTime\":\"88.201\"}","timestamp":"2024-10-09T11:57:20.683Z"}
{"level":"\u001b[32minfo\u001b[39m","message":"{\"method\":\"GET\",\"url\":\"/userprofile\",\"status\":\"304\",\"responseTime\":\"107.206\"}","timestamp":"2024-10-09T11:57:22.796Z"}
{"level":"\u001b[32minfo\u001b[39m","message":"{\"method\":\"GET\",\"url\":\"/userprofile\",\"status\":\"304\",\"responseTime\":\"79.271\"}","timestamp":"2024-10-09T11:57:24.734Z"}
{"level":"\u001b[32minfo\u001b[39m","message":"{\"method\":\"GET\",\"url\":\"/users?name=fdf\",\"status\":\"404\",\"responseTime\":\"7.807\"}","timestamp":"2024-10-09T11:57:26.716Z"}
{"level":"\u001b[32minfo\u001b[39m","message":"{\"method\":\"GET\",\"url\":\"/userprofile\",\"status\":\"304\",\"responseTime\":\"87.625\"}","timestamp":"2024-10-09T11:57:29.802Z"}
{"level":"\u001b[32minfo\u001b[39m","message":"{\"method\":\"GET\",\"url\":\"/userprofile\",\"status\":\"200\",\"responseTime\":\"219.495\"}","timestamp":"2024-10-09T12:00:37.112Z"}
{"level":"\u001b[32minfo\u001b[39m","message":"{\"method\":\"GET\",\"url\":\"/users?name=d\",\"status\":\"200\",\"responseTime\":\"190.451\"}","timestamp":"2024-10-09T12:00:44.827Z"}
{"level":"\u001b[32minfo\u001b[39m","message":"{\"method\":\"GET\",\"url\":\"/users?name=ns\",\"status\":\"200\",\"responseTime\":\"72.478\"}","timestamp":"2024-10-09T12:01:01.722Z"}
{"level":"\u001b[32minfo\u001b[39m","message":"{\"method\":\"GET\",\"url\":\"/users?name=N%20S\",\"status\":\"304\",\"responseTime\":\"61.764\"}","timestamp":"2024-10-09T12:01:07.529Z"}
{"level":"\u001b[32minfo\u001b[39m","message":"{\"method\":\"GET\",\"url\":\"/users?name=n\",\"status\":\"304\",\"responseTime\":\"61.281\"}","timestamp":"2024-10-09T12:01:11.145Z"}
{"level":"\u001b[32minfo\u001b[39m","message":"{\"method\":\"GET\",\"url\":\"/users?name=N%20S\",\"status\":\"304\",\"responseTime\":\"67.411\"}","timestamp":"2024-10-09T12:01:15.985Z"}
{"level":"\u001b[32minfo\u001b[39m","message":"{\"method\":\"GET\",\"url\":\"/users?name=ns\",\"status\":\"304\",\"responseTime\":\"73.612\"}","timestamp":"2024-10-09T12:01:16.220Z"}
{"level":"\u001b[32minfo\u001b[39m","message":"{\"method\":\"GET\",\"url\":\"/users?name=d\",\"status\":\"304\",\"responseTime\":\"123.499\"}","timestamp":"2024-10-09T12:01:16.963Z"}
{"level":"\u001b[32minfo\u001b[39m","message":"{\"method\":\"GET\",\"url\":\"/users?name=f\",\"status\":\"200\",\"responseTime\":\"68.706\"}","timestamp":"2024-10-09T12:02:41.099Z"}
{"level":"\u001b[32minfo\u001b[39m","message":"{\"method\":\"GET\",\"url\":\"/users?name=f\",\"status\":\"304\",\"responseTime\":\"70.357\"}","timestamp":"2024-10-09T12:04:49.282Z"}
{"level":"\u001b[32minfo\u001b[39m","message":"{\"method\":\"GET\",\"url\":\"/users?name=f\",\"status\":\"304\",\"responseTime\":\"137.830\"}","timestamp":"2024-10-09T12:05:07.430Z"}
{"level":"\u001b[32minfo\u001b[39m","message":"{\"method\":\"GET\",\"url\":\"/users?name=f\",\"status\":\"304\",\"responseTime\":\"74.715\"}","timestamp":"2024-10-09T12:05:10.924Z"}
{"level":"\u001b[32minfo\u001b[39m","message":"{\"method\":\"GET\",\"url\":\"/users?name=f\",\"status\":\"304\",\"responseTime\":\"70.122\"}","timestamp":"2024-10-09T12:05:14.710Z"}
{"level":"\u001b[32minfo\u001b[39m","message":"{\"method\":\"GET\",\"url\":\"/users?name=f\",\"status\":\"304\",\"responseTime\":\"131.100\"}","timestamp":"2024-10-09T12:05:20.644Z"}
{"level":"\u001b[32minfo\u001b[39m","message":"{\"method\":\"GET\",\"url\":\"/users?name=d\",\"status\":\"304\",\"responseTime\":\"196.972\"}","timestamp":"2024-10-09T12:08:54.753Z"}
{"level":"\u001b[32minfo\u001b[39m","message":"{\"method\":\"GET\",\"url\":\"/users?name=dg\",\"status\":\"200\",\"responseTime\":\"66.549\"}","timestamp":"2024-10-09T12:12:03.145Z"}
{"level":"\u001b[32minfo\u001b[39m","message":"{\"method\":\"GET\",\"url\":\"/users?name=dg\",\"status\":\"304\",\"responseTime\":\"121.772\"}","timestamp":"2024-10-09T12:12:36.773Z"}
{"level":"\u001b[32minfo\u001b[39m","message":"{\"method\":\"GET\",\"url\":\"/userprofile\",\"status\":\"304\",\"responseTime\":\"85.206\"}","timestamp":"2024-10-09T12:12:55.307Z"}
{"level":"\u001b[32minfo\u001b[39m","message":"{\"method\":\"GET\",\"url\":\"/userprofile\",\"status\":\"304\",\"responseTime\":\"78.908\"}","timestamp":"2024-10-09T12:12:56.837Z"}
{"level":"\u001b[32minfo\u001b[39m","message":"{\"method\":\"GET\",\"url\":\"/users?name=g\",\"status\":\"200\",\"responseTime\":\"48.667\"}","timestamp":"2024-10-09T12:13:00.386Z"}
{"level":"\u001b[32minfo\u001b[39m","message":"{\"method\":\"GET\",\"url\":\"/users?name=g\",\"status\":\"304\",\"responseTime\":\"80.795\"}","timestamp":"2024-10-09T12:15:10.358Z"}
{"level":"\u001b[32minfo\u001b[39m","message":"{\"method\":\"GET\",\"url\":\"/users?name=g\",\"status\":\"304\",\"responseTime\":\"121.564\"}","timestamp":"2024-10-09T12:16:51.586Z"}
{"level":"\u001b[32minfo\u001b[39m","message":"{\"method\":\"GET\",\"url\":\"/users?name=n\",\"status\":\"304\",\"responseTime\":\"162.887\"}","timestamp":"2024-10-09T12:18:59.523Z"}
{"level":"\u001b[32minfo\u001b[39m","message":"{\"method\":\"GET\",\"url\":\"/users?name=N\",\"status\":\"200\",\"responseTime\":\"69.839\"}","timestamp":"2024-10-09T12:19:03.113Z"}
{"level":"\u001b[32minfo\u001b[39m","message":"{\"method\":\"GET\",\"url\":\"/userprofile\",\"status\":\"304\",\"responseTime\":\"177.802\"}","timestamp":"2024-10-09T12:19:11.890Z"}
{"level":"\u001b[32minfo\u001b[39m","message":"{\"method\":\"GET\",\"url\":\"/users?name=n\",\"status\":\"200\",\"responseTime\":\"343.466\"}","timestamp":"2024-10-09T12:19:36.114Z"}
{"level":"\u001b[32minfo\u001b[39m","message":"{\"method\":\"GET\",\"url\":\"/users?name=n\",\"status\":\"304\",\"responseTime\":\"184.730\"}","timestamp":"2024-10-09T12:26:08.944Z"}
{"level":"\u001b[32minfo\u001b[39m","message":"{\"method\":\"GET\",\"url\":\"/users?name=undefined\",\"status\":\"200\",\"responseTime\":\"44.992\"}","timestamp":"2024-10-09T12:31:39.715Z"}
{"level":"\u001b[32minfo\u001b[39m","message":"{\"method\":\"GET\",\"url\":\"/users?name=undefined\",\"status\":\"304\",\"responseTime\":\"34.479\"}","timestamp":"2024-10-09T12:31:56.358Z"}
{"level":"\u001b[32minfo\u001b[39m","message":"{\"method\":\"GET\",\"url\":\"/users?name=undefined\",\"status\":\"304\",\"responseTime\":\"36.561\"}","timestamp":"2024-10-09T12:32:07.002Z"}
{"level":"\u001b[32minfo\u001b[39m","message":"{\"method\":\"GET\",\"url\":\"/userprofile\",\"status\":\"304\",\"responseTime\":\"93.652\"}","timestamp":"2024-10-09T12:32:09.510Z"}
{"level":"\u001b[32minfo\u001b[39m","message":"{\"method\":\"GET\",\"url\":\"/users?name=undefined\",\"status\":\"304\",\"responseTime\":\"50.121\"}","timestamp":"2024-10-09T12:32:12.878Z"}
{"level":"\u001b[32minfo\u001b[39m","message":"{\"method\":\"GET\",\"url\":\"/users?name=undefined\",\"status\":\"304\",\"responseTime\":\"35.230\"}","timestamp":"2024-10-09T12:34:04.163Z"}
{"level":"\u001b[32minfo\u001b[39m","message":"{\"method\":\"GET\",\"url\":\"/users?name=undefined\",\"status\":\"304\",\"responseTime\":\"59.623\"}","timestamp":"2024-10-09T12:34:53.531Z"}
{"level":"\u001b[32minfo\u001b[39m","message":"{\"method\":\"GET\",\"url\":\"/users?name=undefined\",\"status\":\"304\",\"responseTime\":\"40.308\"}","timestamp":"2024-10-09T12:35:20.146Z"}
{"level":"\u001b[32minfo\u001b[39m","message":"{\"method\":\"GET\",\"url\":\"/users?name=undefined\",\"status\":\"304\",\"responseTime\":\"76.463\"}","timestamp":"2024-10-09T12:35:27.017Z"}
{"level":"\u001b[32minfo\u001b[39m","message":"{\"method\":\"GET\",\"url\":\"/users?name=undefined\",\"status\":\"304\",\"responseTime\":\"47.666\"}","timestamp":"2024-10-09T12:35:31.291Z"}
{"level":"\u001b[32minfo\u001b[39m","message":"{\"method\":\"GET\",\"url\":\"/users?name=undefined\",\"status\":\"304\",\"responseTime\":\"374.708\"}","timestamp":"2024-10-09T12:35:41.683Z"}
{"level":"\u001b[32minfo\u001b[39m","message":"{\"method\":\"GET\",\"url\":\"/users?name=undefined\",\"status\":\"304\",\"responseTime\":\"36.594\"}","timestamp":"2024-10-09T12:35:46.136Z"}
{"level":"\u001b[32minfo\u001b[39m","message":"{\"method\":\"GET\",\"url\":\"/users?name=d\",\"status\":\"304\",\"responseTime\":\"102.457\"}","timestamp":"2024-10-09T12:38:41.728Z"}
{"level":"\u001b[32minfo\u001b[39m","message":"{\"method\":\"GET\",\"url\":\"/users?name=n\",\"status\":\"304\",\"responseTime\":\"86.297\"}","timestamp":"2024-10-09T12:38:44.479Z"}
{"level":"\u001b[32minfo\u001b[39m","message":"{\"method\":\"GET\",\"url\":\"/users?name=a\",\"status\":\"200\",\"responseTime\":\"56.370\"}","timestamp":"2024-10-09T12:38:48.768Z"}
{"level":"\u001b[32minfo\u001b[39m","message":"{\"method\":\"POST\",\"url\":\"/login\",\"status\":\"200\",\"responseTime\":\"188.032\"}","timestamp":"2024-10-09T14:49:37.423Z"}
{"level":"\u001b[32minfo\u001b[39m","message":"{\"method\":\"GET\",\"url\":\"/userprofile\",\"status\":\"304\",\"responseTime\":\"92.149\"}","timestamp":"2024-10-09T14:49:40.794Z"}
{"level":"\u001b[32minfo\u001b[39m","message":"{\"method\":\"GET\",\"url\":\"/userprofile\",\"status\":\"304\",\"responseTime\":\"89.973\"}","timestamp":"2024-10-09T14:49:44.733Z"}
{"level":"\u001b[32minfo\u001b[39m","message":"{\"method\":\"GET\",\"url\":\"/users?name=d\",\"status\":\"304\",\"responseTime\":\"93.029\"}","timestamp":"2024-10-09T14:49:49.101Z"}
{"level":"\u001b[32minfo\u001b[39m","message":"{\"method\":\"GET\",\"url\":\"/users?name=d\",\"status\":\"304\",\"responseTime\":\"40.613\"}","timestamp":"2024-10-09T14:53:26.219Z"}
{"level":"\u001b[32minfo\u001b[39m","message":"{\"method\":\"GET\",\"url\":\"/users?name=d\",\"status\":\"304\",\"responseTime\":\"347.943\"}","timestamp":"2024-10-09T14:53:55.010Z"}
{"level":"\u001b[32minfo\u001b[39m","message":"{\"method\":\"GET\",\"url\":\"/users?name=d\",\"status\":\"304\",\"responseTime\":\"63.761\"}","timestamp":"2024-10-09T14:53:57.417Z"}
{"level":"\u001b[32minfo\u001b[39m","message":"{\"method\":\"GET\",\"url\":\"/users?name=d\",\"status\":\"304\",\"responseTime\":\"43.093\"}","timestamp":"2024-10-09T14:54:05.363Z"}
{"level":"\u001b[32minfo\u001b[39m","message":"{\"method\":\"GET\",\"url\":\"/users?name=d\",\"status\":\"304\",\"responseTime\":\"44.539\"}","timestamp":"2024-10-09T14:54:17.856Z"}
{"level":"\u001b[32minfo\u001b[39m","message":"{\"method\":\"GET\",\"url\":\"/users?name=d\",\"status\":\"304\",\"responseTime\":\"60.177\"}","timestamp":"2024-10-09T14:54:22.524Z"}
{"level":"\u001b[32minfo\u001b[39m","message":"{\"method\":\"GET\",\"url\":\"/users?name=d\",\"status\":\"304\",\"responseTime\":\"64.212\"}","timestamp":"2024-10-09T14:54:24.574Z"}
{"level":"\u001b[32minfo\u001b[39m","message":"{\"method\":\"GET\",\"url\":\"/users?name=d\",\"status\":\"304\",\"responseTime\":\"63.211\"}","timestamp":"2024-10-09T14:54:26.197Z"}
{"level":"\u001b[32minfo\u001b[39m","message":"{\"method\":\"GET\",\"url\":\"/users?name=d\",\"status\":\"304\",\"responseTime\":\"49.208\"}","timestamp":"2024-10-09T14:54:28.726Z"}
{"level":"\u001b[32minfo\u001b[39m","message":"{\"method\":\"GET\",\"url\":\"/users?name=d\",\"status\":\"304\",\"responseTime\":\"73.701\"}","timestamp":"2024-10-09T14:54:30.334Z"}
{"level":"\u001b[32minfo\u001b[39m","message":"{\"method\":\"GET\",\"url\":\"/userprofile\",\"status\":\"304\",\"responseTime\":\"55.618\"}","timestamp":"2024-10-09T14:54:55.612Z"}
{"level":"\u001b[32minfo\u001b[39m","message":"{\"method\":\"GET\",\"url\":\"/userprofile\",\"status\":\"304\",\"responseTime\":\"61.662\"}","timestamp":"2024-10-09T14:55:19.261Z"}
{"level":"\u001b[32minfo\u001b[39m","message":"{\"method\":\"GET\",\"url\":\"/userprofile\",\"status\":\"304\",\"responseTime\":\"46.733\"}","timestamp":"2024-10-09T14:55:27.619Z"}
{"level":"\u001b[32minfo\u001b[39m","message":"{\"method\":\"GET\",\"url\":\"/userprofile\",\"status\":\"304\",\"responseTime\":\"80.850\"}","timestamp":"2024-10-09T14:55:31.614Z"}
{"level":"\u001b[32minfo\u001b[39m","message":"{\"method\":\"GET\",\"url\":\"/userprofile\",\"status\":\"304\",\"responseTime\":\"45.816\"}","timestamp":"2024-10-09T14:55:33.594Z"}
{"level":"\u001b[32minfo\u001b[39m","message":"{\"method\":\"GET\",\"url\":\"/userprofile\",\"status\":\"304\",\"responseTime\":\"64.070\"}","timestamp":"2024-10-09T14:55:36.027Z"}
{"level":"\u001b[32minfo\u001b[39m","message":"{\"method\":\"GET\",\"url\":\"/users?name=d\",\"status\":\"304\",\"responseTime\":\"50.996\"}","timestamp":"2024-10-09T14:56:09.103Z"}
{"level":"\u001b[32minfo\u001b[39m","message":"{\"method\":\"GET\",\"url\":\"/users?name=d\",\"status\":\"304\",\"responseTime\":\"46.101\"}","timestamp":"2024-10-09T15:11:28.207Z"}
{"level":"\u001b[32minfo\u001b[39m","message":"{\"method\":\"GET\",\"url\":\"/users?name=d\",\"status\":\"304\",\"responseTime\":\"39.571\"}","timestamp":"2024-10-09T15:11:45.122Z"}
{"level":"\u001b[32minfo\u001b[39m","message":"{\"method\":\"GET\",\"url\":\"/users?name=d\",\"status\":\"304\",\"responseTime\":\"37.188\"}","timestamp":"2024-10-09T15:12:14.464Z"}
{"level":"\u001b[32minfo\u001b[39m","message":"{\"method\":\"GET\",\"url\":\"/users?name=d\",\"status\":\"304\",\"responseTime\":\"41.138\"}","timestamp":"2024-10-09T15:12:44.899Z"}
{"level":"\u001b[32minfo\u001b[39m","message":"{\"method\":\"GET\",\"url\":\"/users?name=d\",\"status\":\"304\",\"responseTime\":\"37.890\"}","timestamp":"2024-10-09T15:12:53.792Z"}
{"level":"\u001b[32minfo\u001b[39m","message":"{\"method\":\"GET\",\"url\":\"/users?name=d\",\"status\":\"304\",\"responseTime\":\"40.956\"}","timestamp":"2024-10-09T15:13:08.547Z"}
{"level":"\u001b[32minfo\u001b[39m","message":"{\"method\":\"GET\",\"url\":\"/users?name=d\",\"status\":\"304\",\"responseTime\":\"49.958\"}","timestamp":"2024-10-09T15:13:10.652Z"}
{"level":"\u001b[32minfo\u001b[39m","message":"{\"method\":\"GET\",\"url\":\"/users?name=d\",\"status\":\"304\",\"responseTime\":\"112.508\"}","timestamp":"2024-10-09T15:13:15.851Z"}
{"level":"\u001b[32minfo\u001b[39m","message":"{\"method\":\"GET\",\"url\":\"/users?name=d\",\"status\":\"304\",\"responseTime\":\"37.706\"}","timestamp":"2024-10-09T15:13:22.852Z"}
{"level":"\u001b[32minfo\u001b[39m","message":"{\"method\":\"GET\",\"url\":\"/users?name=d\",\"status\":\"304\",\"responseTime\":\"39.409\"}","timestamp":"2024-10-09T15:13:29.965Z"}
{"level":"\u001b[32minfo\u001b[39m","message":"{\"method\":\"GET\",\"url\":\"/users?name=d\",\"status\":\"304\",\"responseTime\":\"42.195\"}","timestamp":"2024-10-09T15:24:23.258Z"}
{"level":"\u001b[32minfo\u001b[39m","message":"{\"method\":\"GET\",\"url\":\"/users?name=d\",\"status\":\"304\",\"responseTime\":\"40.593\"}","timestamp":"2024-10-09T15:24:29.372Z"}
{"level":"\u001b[32minfo\u001b[39m","message":"{\"method\":\"GET\",\"url\":\"/users?name=d\",\"status\":\"304\",\"responseTime\":\"40.398\"}","timestamp":"2024-10-09T15:24:45.907Z"}
{"level":"\u001b[32minfo\u001b[39m","message":"{\"method\":\"GET\",\"url\":\"/users?name=d\",\"status\":\"304\",\"responseTime\":\"39.309\"}","timestamp":"2024-10-09T15:24:47.744Z"}
{"level":"\u001b[32minfo\u001b[39m","message":"{\"method\":\"GET\",\"url\":\"/subscribe\",\"status\":\"404\",\"responseTime\":\"38.038\"}","timestamp":"2024-10-09T15:28:28.116Z"}
{"level":"\u001b[32minfo\u001b[39m","message":"{\"method\":\"GET\",\"url\":\"/users?name=d\",\"status\":\"304\",\"responseTime\":\"62.353\"}","timestamp":"2024-10-09T15:29:07.214Z"}
{"level":"\u001b[32minfo\u001b[39m","message":"{\"method\":\"POST\",\"url\":\"/subscribe\",\"status\":\"404\",\"responseTime\":\"5.756\"}","timestamp":"2024-10-09T15:44:22.766Z"}
{"level":"\u001b[32minfo\u001b[39m","message":"{\"method\":\"GET\",\"url\":\"/users?name=d\",\"status\":\"304\",\"responseTime\":\"111.541\"}","timestamp":"2024-10-09T15:49:35.787Z"}
{"level":"\u001b[32minfo\u001b[39m","message":"{\"method\":\"POST\",\"url\":\"/subscribe\",\"status\":\"401\",\"responseTime\":\"3.497\"}","timestamp":"2024-10-09T15:49:37.363Z"}
{"level":"\u001b[32minfo\u001b[39m","message":"{\"method\":\"POST\",\"url\":\"/subscribe\",\"status\":\"401\",\"responseTime\":\"8.017\"}","timestamp":"2024-10-09T15:51:04.513Z"}
{"level":"\u001b[32minfo\u001b[39m","message":"{\"method\":\"POST\",\"url\":\"/login\",\"status\":\"200\",\"responseTime\":\"1697.004\"}","timestamp":"2024-10-09T15:51:36.088Z"}
{"level":"\u001b[32minfo\u001b[39m","message":"{\"method\":\"GET\",\"url\":\"/users?name=d\",\"status\":\"304\",\"responseTime\":\"52.780\"}","timestamp":"2024-10-09T15:51:39.658Z"}
{"level":"\u001b[32minfo\u001b[39m","message":"{\"method\":\"POST\",\"url\":\"/subscribe\",\"status\":\"-\",\"responseTime\":\"-\"}","timestamp":"2024-10-09T16:01:53.046Z"}
{"level":"\u001b[32minfo\u001b[39m","message":"{\"method\":\"GET\",\"url\":\"/users?name=d\",\"status\":\"304\",\"responseTime\":\"70.269\"}","timestamp":"2024-10-09T16:01:54.581Z"}
